<?xml version="1.0" encoding="UTF-8"?>
<!-- Generated by org.testng.reporters.JUnitReportReporter -->
<testsuite skipped="0" hostname="LOXTIPL0012680" name="com.uiFramework.TC_04_Open_app_via_playstore" tests="2" failures="0" timestamp="17 Jan 2019 11:10:50 GMT" time="1895.995" errors="0">
  <testcase name="open_app_via_start_activity" time="46.025" classname="com.uiFramework.TC_04_Open_app_via_playstore"/>
  <testcase name="open_app_via_play" time="1849.970" classname="com.uiFramework.TC_04_Open_app_via_playstore"/>
</testsuite> <!-- com.uiFramework.TC_04_Open_app_via_playstore -->
