<?xml version="1.0" encoding="UTF-8"?>
<!-- Generated by org.testng.reporters.JUnitReportReporter -->
<testsuite skipped="0" hostname="LOXTIPL0012680" name="com.setup.BaseSetupTest" tests="1" failures="0" timestamp="13 Nov 2018 07:36:00 GMT" time="6.185" errors="0">
  <testcase name="testGooglePlayApp" time="6.185" classname="com.setup.BaseSetupTest"/>
</testsuite> <!-- com.setup.BaseSetupTest -->
